0 info it worked if it ends with ok
1 verbose cli [ 'D:\\program\\NodeJs\\node.exe',
1 verbose cli   'D:\\program\\NodeJs\\node_modules\\npm\\bin\\npm-cli.js',
1 verbose cli   'start' ]
2 info using npm@3.7.5
3 info using node@v5.6.0
4 verbose run-script [ 'prestart', 'start', 'poststart' ]
5 info lifecycle abc@0.0.0~prestart: abc@0.0.0
6 silly lifecycle abc@0.0.0~prestart: no script for prestart, continuing
7 info lifecycle abc@0.0.0~start: abc@0.0.0
8 verbose lifecycle abc@0.0.0~start: unsafe-perm in lifecycle true
9 verbose lifecycle abc@0.0.0~start: PATH: D:\program\NodeJs\node_modules\npm\bin\node-gyp-bin;D:\work-station\test-one-namespace-many-rooms\node_modules\.bin;D:\program\NodeJs;C:\ProgramData\Oracle\Java\javapath;C:\Program Files\Common Files\Microsoft Shared\Windows Live;C:\Program Files (x86)\NVIDIA Corporation\PhysX\Common;C:\Program Files (x86)\Intel\iCLS Client\;C:\Program Files\Intel\iCLS Client\;C:\Windows\System32;C:\Windows\system32;C:\Windows;C:\Windows\System32\Wbem;C:\Windows\System32\WindowsPowerShell\v1.0\;C:\Program Files\Intel\Intel(R) Management Engine Components\DAL;C:\Program Files\Intel\Intel(R) Management Engine Components\IPT;C:\Program Files (x86)\Intel\Intel(R) Management Engine Components\DAL;C:\Program Files (x86)\Intel\Intel(R) Management Engine Components\IPT;C:\Program Files\Intel\WiFi\bin\;C:\Program Files\Common Files\Intel\WirelessCommon\;C:\Program Files (x86)\Skype\Phone\;D:\Program\NodeJs\;C:\Program Files (x86)\Git\bin\git.exe;C:\Program Files (x86)\Windows Live\Shared;D:\Program\NodeJs;D:\Program\Python27;D:\Program\Python;D:\Program\NodeJs;D:\Program\Java\jdk1.8.0_51\bin; C:\Users\Hoang Anh\AppData\Roaming\npm;D:\Program\Sublime Text 3;D:\xampp\php;C:\ProgramData\ComposerSetup\bin;D:\Program\Ruby200-x64\bin;D:\Program\PHPUnit\bin;D:\Program\Tortoise\bin;D:\Desktop\Philz_Touch_A870;;D:\Program\Sqlite3\bin;C:\Program Files (x86)\Git\bin; D:\Program\cygwin;D:\Program\MongoDB\bin;D:\Program\cygwin\bin;D:\Program\Ruby22-x64\bin;D:\Program\Ruby200-x64\bin;C:\Program Files\Intel\WiFi\bin\;C:\Program Files\Common Files\Intel\WirelessCommon\;C:\Users\Hoang Anh\AppData\Roaming\npm;D:\Program\Java\jdk1.8.0_51\bin;D:\Program\Sublime Text 3;D:\Program\Python27;D:\Program\Python27\Scripts;C:\Users\hoang-anh\AppData\Roaming\npm;D:\Program\NodeJs
10 verbose lifecycle abc@0.0.0~start: CWD: D:\work-station\test-one-namespace-many-rooms
11 silly lifecycle abc@0.0.0~start: Args: [ '/d /s /c', 'node ./bin/www' ]
12 silly lifecycle abc@0.0.0~start: Returned: code: 1  signal: null
13 info lifecycle abc@0.0.0~start: Failed to exec start script
14 verbose stack Error: abc@0.0.0 start: `node ./bin/www`
14 verbose stack Exit status 1
14 verbose stack     at EventEmitter.<anonymous> (D:\program\NodeJs\node_modules\npm\lib\utils\lifecycle.js:239:16)
14 verbose stack     at emitTwo (events.js:100:13)
14 verbose stack     at EventEmitter.emit (events.js:185:7)
14 verbose stack     at ChildProcess.<anonymous> (D:\program\NodeJs\node_modules\npm\lib\utils\spawn.js:24:14)
14 verbose stack     at emitTwo (events.js:100:13)
14 verbose stack     at ChildProcess.emit (events.js:185:7)
14 verbose stack     at maybeClose (internal/child_process.js:827:16)
14 verbose stack     at Process.ChildProcess._handle.onexit (internal/child_process.js:211:5)
15 verbose pkgid abc@0.0.0
16 verbose cwd D:\work-station\test-one-namespace-many-rooms
17 error Windows_NT 6.1.7601
18 error argv "D:\\program\\NodeJs\\node.exe" "D:\\program\\NodeJs\\node_modules\\npm\\bin\\npm-cli.js" "start"
19 error node v5.6.0
20 error npm  v3.7.5
21 error code ELIFECYCLE
22 error abc@0.0.0 start: `node ./bin/www`
22 error Exit status 1
23 error Failed at the abc@0.0.0 start script 'node ./bin/www'.
23 error Make sure you have the latest version of node.js and npm installed.
23 error If you do, this is most likely a problem with the abc package,
23 error not with npm itself.
23 error Tell the author that this fails on your system:
23 error     node ./bin/www
23 error You can get information on how to open an issue for this project with:
23 error     npm bugs abc
23 error Or if that isn't available, you can get their info via:
23 error     npm owner ls abc
23 error There is likely additional logging output above.
24 verbose exit [ 1, true ]
